<?xml version="1.0" encoding="UTF-8"?>
<testsuite xmlns:xsi="http://www.w3.org/2001/XMLSchema-instance" xsi:noNamespaceSchemaLocation="https://maven.apache.org/surefire/maven-surefire-plugin/xsd/surefire-test-report-3.0.xsd" version="3.0" name="EvoMaster_successes_Test" time="1.816" tests="3" errors="2" skipped="0" failures="0">
  <properties>
    <property name="sun.desktop" value="gnome"/>
    <property name="awt.toolkit" value="sun.awt.X11.XToolkit"/>
    <property name="file.encoding.pkg" value="sun.io"/>
    <property name="java.specification.version" value="1.8"/>
    <property name="sun.cpu.isalist" value=""/>
    <property name="sun.jnu.encoding" value="UTF-8"/>
    <property name="java.class.path" value="/run/datad/evoMaster/em-test-utils/results/dto/target/test-classes:/run/datad/evoMaster/em-test-utils/results/dto/target/classes:/home/philip/.m2/repository/junit/junit/4.13.1/junit-4.13.1.jar:/home/philip/.m2/repository/org/hamcrest/hamcrest-core/1.3/hamcrest-core-1.3.jar:/home/philip/.m2/repository/io/rest-assured/rest-assured/4.3.0/rest-assured-4.3.0.jar:/home/philip/.m2/repository/org/codehaus/groovy/groovy/3.0.2/groovy-3.0.2.jar:/home/philip/.m2/repository/org/codehaus/groovy/groovy-xml/3.0.2/groovy-xml-3.0.2.jar:/home/philip/.m2/repository/org/apache/httpcomponents/httpclient/4.5.3/httpclient-4.5.3.jar:/home/philip/.m2/repository/org/apache/httpcomponents/httpcore/4.4.6/httpcore-4.4.6.jar:/home/philip/.m2/repository/commons-logging/commons-logging/1.2/commons-logging-1.2.jar:/home/philip/.m2/repository/commons-codec/commons-codec/1.9/commons-codec-1.9.jar:/home/philip/.m2/repository/org/apache/httpcomponents/httpmime/4.5.3/httpmime-4.5.3.jar:/home/philip/.m2/repository/org/hamcrest/hamcrest/2.1/hamcrest-2.1.jar:/home/philip/.m2/repository/org/ccil/cowan/tagsoup/tagsoup/1.2.1/tagsoup-1.2.1.jar:/home/philip/.m2/repository/io/rest-assured/json-path/4.3.0/json-path-4.3.0.jar:/home/philip/.m2/repository/org/codehaus/groovy/groovy-json/3.0.2/groovy-json-3.0.2.jar:/home/philip/.m2/repository/io/rest-assured/rest-assured-common/4.3.0/rest-assured-common-4.3.0.jar:/home/philip/.m2/repository/io/rest-assured/xml-path/4.3.0/xml-path-4.3.0.jar:/home/philip/.m2/repository/org/apache/commons/commons-lang3/3.4/commons-lang3-3.4.jar:/home/philip/.m2/repository/jakarta/xml/bind/jakarta.xml.bind-api/2.3.2/jakarta.xml.bind-api-2.3.2.jar:/home/philip/.m2/repository/jakarta/activation/jakarta.activation-api/1.2.1/jakarta.activation-api-1.2.1.jar:/home/philip/.m2/repository/com/sun/xml/bind/jaxb-osgi/2.3.0.1/jaxb-osgi-2.3.0.1.jar:/home/philip/.m2/repository/org/apache/sling/org.apache.sling.javax.activation/0.1.0/org.apache.sling.javax.activation-0.1.0.jar:/home/philip/.m2/repository/javax/activation/activation/1.1.1/activation-1.1.1.jar:/home/philip/.m2/repository/org/evomaster/evomaster-client-java-controller/3.4.1-SNAPSHOT/evomaster-client-java-controller-3.4.1-SNAPSHOT.jar:/home/philip/.m2/repository/javax/annotation/javax.annotation-api/1.2/javax.annotation-api-1.2.jar:/home/philip/.m2/repository/javax/inject/javax.inject/1/javax.inject-1.jar:/home/philip/.m2/repository/javax/validation/validation-api/1.1.0.Final/validation-api-1.1.0.Final.jar:/home/philip/.m2/repository/javax/servlet/javax.servlet-api/3.1.0/javax.servlet-api-3.1.0.jar:/home/philip/.m2/repository/javax/ws/rs/javax.ws.rs-api/2.1.1/javax.ws.rs-api-2.1.1.jar:/home/philip/.m2/repository/com/fasterxml/jackson/core/jackson-databind/2.5.4/jackson-databind-2.5.4.jar:/home/philip/.m2/repository/com/fasterxml/jackson/core/jackson-annotations/2.5.0/jackson-annotations-2.5.0.jar:/home/philip/.m2/repository/com/fasterxml/jackson/core/jackson-core/2.5.4/jackson-core-2.5.4.jar:/home/philip/.m2/repository/com/fasterxml/jackson/datatype/jackson-datatype-jdk8/2.13.3/jackson-datatype-jdk8-2.13.3.jar:"/>
    <property name="java.vm.vendor" value="Temurin"/>
    <property name="sun.arch.data.model" value="64"/>
    <property name="java.vendor.url" value="https://adoptium.net/"/>
    <property name="user.timezone" value=""/>
    <property name="java.vm.specification.version" value="1.8"/>
    <property name="os.name" value="Linux"/>
    <property name="user.country" value="US"/>
    <property name="sun.java.launcher" value="SUN_STANDARD"/>
    <property name="sun.boot.library.path" value="/home/philip/.sdkman/candidates/java/8.0.392-tem/jre/lib/amd64"/>
    <property name="sun.java.command" value="/run/datad/evoMaster/em-test-utils/results/dto/target/surefire/surefirebooter-20250301163054270_3.jar /run/datad/evoMaster/em-test-utils/results/dto/target/surefire 2025-03-01T16-30-53_007-jvmRun1 surefire-20250301163054270_1tmp surefire_0-20250301163054270_2tmp"/>
    <property name="surefire.test.class.path" value="/run/datad/evoMaster/em-test-utils/results/dto/target/test-classes:/run/datad/evoMaster/em-test-utils/results/dto/target/classes:/home/philip/.m2/repository/junit/junit/4.13.1/junit-4.13.1.jar:/home/philip/.m2/repository/org/hamcrest/hamcrest-core/1.3/hamcrest-core-1.3.jar:/home/philip/.m2/repository/io/rest-assured/rest-assured/4.3.0/rest-assured-4.3.0.jar:/home/philip/.m2/repository/org/codehaus/groovy/groovy/3.0.2/groovy-3.0.2.jar:/home/philip/.m2/repository/org/codehaus/groovy/groovy-xml/3.0.2/groovy-xml-3.0.2.jar:/home/philip/.m2/repository/org/apache/httpcomponents/httpclient/4.5.3/httpclient-4.5.3.jar:/home/philip/.m2/repository/org/apache/httpcomponents/httpcore/4.4.6/httpcore-4.4.6.jar:/home/philip/.m2/repository/commons-logging/commons-logging/1.2/commons-logging-1.2.jar:/home/philip/.m2/repository/commons-codec/commons-codec/1.9/commons-codec-1.9.jar:/home/philip/.m2/repository/org/apache/httpcomponents/httpmime/4.5.3/httpmime-4.5.3.jar:/home/philip/.m2/repository/org/hamcrest/hamcrest/2.1/hamcrest-2.1.jar:/home/philip/.m2/repository/org/ccil/cowan/tagsoup/tagsoup/1.2.1/tagsoup-1.2.1.jar:/home/philip/.m2/repository/io/rest-assured/json-path/4.3.0/json-path-4.3.0.jar:/home/philip/.m2/repository/org/codehaus/groovy/groovy-json/3.0.2/groovy-json-3.0.2.jar:/home/philip/.m2/repository/io/rest-assured/rest-assured-common/4.3.0/rest-assured-common-4.3.0.jar:/home/philip/.m2/repository/io/rest-assured/xml-path/4.3.0/xml-path-4.3.0.jar:/home/philip/.m2/repository/org/apache/commons/commons-lang3/3.4/commons-lang3-3.4.jar:/home/philip/.m2/repository/jakarta/xml/bind/jakarta.xml.bind-api/2.3.2/jakarta.xml.bind-api-2.3.2.jar:/home/philip/.m2/repository/jakarta/activation/jakarta.activation-api/1.2.1/jakarta.activation-api-1.2.1.jar:/home/philip/.m2/repository/com/sun/xml/bind/jaxb-osgi/2.3.0.1/jaxb-osgi-2.3.0.1.jar:/home/philip/.m2/repository/org/apache/sling/org.apache.sling.javax.activation/0.1.0/org.apache.sling.javax.activation-0.1.0.jar:/home/philip/.m2/repository/javax/activation/activation/1.1.1/activation-1.1.1.jar:/home/philip/.m2/repository/org/evomaster/evomaster-client-java-controller/3.4.1-SNAPSHOT/evomaster-client-java-controller-3.4.1-SNAPSHOT.jar:/home/philip/.m2/repository/javax/annotation/javax.annotation-api/1.2/javax.annotation-api-1.2.jar:/home/philip/.m2/repository/javax/inject/javax.inject/1/javax.inject-1.jar:/home/philip/.m2/repository/javax/validation/validation-api/1.1.0.Final/validation-api-1.1.0.Final.jar:/home/philip/.m2/repository/javax/servlet/javax.servlet-api/3.1.0/javax.servlet-api-3.1.0.jar:/home/philip/.m2/repository/javax/ws/rs/javax.ws.rs-api/2.1.1/javax.ws.rs-api-2.1.1.jar:/home/philip/.m2/repository/com/fasterxml/jackson/core/jackson-databind/2.5.4/jackson-databind-2.5.4.jar:/home/philip/.m2/repository/com/fasterxml/jackson/core/jackson-annotations/2.5.0/jackson-annotations-2.5.0.jar:/home/philip/.m2/repository/com/fasterxml/jackson/core/jackson-core/2.5.4/jackson-core-2.5.4.jar:/home/philip/.m2/repository/com/fasterxml/jackson/datatype/jackson-datatype-jdk8/2.13.3/jackson-datatype-jdk8-2.13.3.jar:"/>
    <property name="sun.cpu.endian" value="little"/>
    <property name="user.home" value="/home/philip"/>
    <property name="user.language" value="en"/>
    <property name="java.specification.vendor" value="Oracle Corporation"/>
    <property name="java.home" value="/home/philip/.sdkman/candidates/java/8.0.392-tem/jre"/>
    <property name="basedir" value="/run/datad/evoMaster/em-test-utils/results/dto"/>
    <property name="file.separator" value="/"/>
    <property name="line.separator" value="&#10;"/>
    <property name="java.vm.specification.vendor" value="Oracle Corporation"/>
    <property name="java.specification.name" value="Java Platform API Specification"/>
    <property name="java.awt.graphicsenv" value="sun.awt.X11GraphicsEnvironment"/>
    <property name="surefire.real.class.path" value="/run/datad/evoMaster/em-test-utils/results/dto/target/surefire/surefirebooter-20250301163054270_3.jar"/>
    <property name="sun.boot.class.path" value="/home/philip/.sdkman/candidates/java/8.0.392-tem/jre/lib/resources.jar:/home/philip/.sdkman/candidates/java/8.0.392-tem/jre/lib/rt.jar:/home/philip/.sdkman/candidates/java/8.0.392-tem/jre/lib/sunrsasign.jar:/home/philip/.sdkman/candidates/java/8.0.392-tem/jre/lib/jsse.jar:/home/philip/.sdkman/candidates/java/8.0.392-tem/jre/lib/jce.jar:/home/philip/.sdkman/candidates/java/8.0.392-tem/jre/lib/charsets.jar:/home/philip/.sdkman/candidates/java/8.0.392-tem/jre/lib/jfr.jar:/home/philip/.sdkman/candidates/java/8.0.392-tem/jre/classes"/>
    <property name="sun.management.compiler" value="HotSpot 64-Bit Tiered Compilers"/>
    <property name="java.runtime.version" value="1.8.0_392-b08"/>
    <property name="user.name" value="philip"/>
    <property name="path.separator" value=":"/>
    <property name="os.version" value="6.8.0-52-generic"/>
    <property name="java.endorsed.dirs" value="/home/philip/.sdkman/candidates/java/8.0.392-tem/jre/lib/endorsed"/>
    <property name="java.runtime.name" value="OpenJDK Runtime Environment"/>
    <property name="file.encoding" value="UTF-8"/>
    <property name="java.vm.name" value="OpenJDK 64-Bit Server VM"/>
    <property name="localRepository" value="/home/philip/.m2/repository"/>
    <property name="java.vendor.url.bug" value="https://github.com/adoptium/adoptium-support/issues"/>
    <property name="java.io.tmpdir" value="/tmp"/>
    <property name="java.version" value="1.8.0_392"/>
    <property name="user.dir" value="/run/datad/evoMaster/em-test-utils/results/dto"/>
    <property name="os.arch" value="amd64"/>
    <property name="java.vm.specification.name" value="Java Virtual Machine Specification"/>
    <property name="java.awt.printerjob" value="sun.print.PSPrinterJob"/>
    <property name="sun.os.patch.level" value="unknown"/>
    <property name="java.library.path" value="/usr/java/packages/lib/amd64:/usr/lib64:/lib64:/lib:/usr/lib"/>
    <property name="java.vm.info" value="mixed mode"/>
    <property name="java.vendor" value="Temurin"/>
    <property name="java.vm.version" value="25.392-b08"/>
    <property name="java.specification.maintenance.version" value="5"/>
    <property name="java.ext.dirs" value="/home/philip/.sdkman/candidates/java/8.0.392-tem/jre/lib/ext:/usr/java/packages/lib/ext"/>
    <property name="sun.io.unicode.encoding" value="UnicodeLittle"/>
    <property name="java.class.version" value="52.0"/>
  </properties>
  <testcase name="test_3" classname="EvoMaster_successes_Test" time="1.263"/>
  <testcase name="test_4" classname="EvoMaster_successes_Test" time="0.142">
    <error message="com/fasterxml/jackson/databind/ser/std/ReferenceTypeSerializer" type="java.lang.NoClassDefFoundError"><![CDATA[java.lang.NoClassDefFoundError: com/fasterxml/jackson/databind/ser/std/ReferenceTypeSerializer
	at java.lang.ClassLoader.defineClass1(Native Method)
	at java.lang.ClassLoader.defineClass(ClassLoader.java:756)
	at java.security.SecureClassLoader.defineClass(SecureClassLoader.java:142)
	at java.net.URLClassLoader.defineClass(URLClassLoader.java:473)
	at java.net.URLClassLoader.access$100(URLClassLoader.java:74)
	at java.net.URLClassLoader$1.run(URLClassLoader.java:369)
	at java.net.URLClassLoader$1.run(URLClassLoader.java:363)
	at java.security.AccessController.doPrivileged(Native Method)
	at java.net.URLClassLoader.findClass(URLClassLoader.java:362)
	at java.lang.ClassLoader.loadClass(ClassLoader.java:418)
	at sun.misc.Launcher$AppClassLoader.loadClass(Launcher.java:352)
	at java.lang.ClassLoader.loadClass(ClassLoader.java:351)
	at com.fasterxml.jackson.datatype.jdk8.Jdk8Module.setupModule(Jdk8Module.java:29)
	at com.fasterxml.jackson.databind.ObjectMapper.registerModule(ObjectMapper.java:653)
	at com.fasterxml.jackson.databind.ObjectMapper.registerModules(ObjectMapper.java:841)
	at com.fasterxml.jackson.databind.ObjectMapper.findAndRegisterModules(ObjectMapper.java:892)
	at io.restassured.path.json.mapper.factory.DefaultJackson2ObjectMapperFactory.create(DefaultJackson2ObjectMapperFactory.java:29)
	at io.restassured.path.json.mapper.factory.DefaultJackson2ObjectMapperFactory.create(DefaultJackson2ObjectMapperFactory.java:27)
	at io.restassured.common.mapper.factory.ObjectMapperFactory$create.call(Unknown Source)
	at org.codehaus.groovy.runtime.callsite.CallSiteArray.defaultCall(CallSiteArray.java:47)
	at org.codehaus.groovy.runtime.callsite.AbstractCallSite.call(AbstractCallSite.java:125)
	at org.codehaus.groovy.runtime.callsite.AbstractCallSite.call(AbstractCallSite.java:148)
	at io.restassured.internal.mapping.Jackson2Mapper.createJackson2ObjectMapper(Jackson2Mapper.groovy:44)
	at sun.reflect.NativeMethodAccessorImpl.invoke0(Native Method)
	at sun.reflect.NativeMethodAccessorImpl.invoke(NativeMethodAccessorImpl.java:62)
	at sun.reflect.DelegatingMethodAccessorImpl.invoke(DelegatingMethodAccessorImpl.java:43)
	at java.lang.reflect.Method.invoke(Method.java:498)
	at org.codehaus.groovy.runtime.callsite.PlainObjectMetaMethodSite.doInvoke(PlainObjectMetaMethodSite.java:43)
	at org.codehaus.groovy.runtime.callsite.PogoMetaMethodSite$PogoCachedMethodSiteNoUnwrapNoCoerce.invoke(PogoMetaMethodSite.java:193)
	at org.codehaus.groovy.runtime.callsite.PogoMetaMethodSite.callCurrent(PogoMetaMethodSite.java:61)
	at org.codehaus.groovy.runtime.callsite.CallSiteArray.defaultCallCurrent(CallSiteArray.java:51)
	at org.codehaus.groovy.runtime.callsite.AbstractCallSite.callCurrent(AbstractCallSite.java:171)
	at org.codehaus.groovy.runtime.callsite.AbstractCallSite.callCurrent(AbstractCallSite.java:194)
	at io.restassured.internal.mapping.Jackson2Mapper.serialize(Jackson2Mapper.groovy:50)
	at io.restassured.internal.mapping.Jackson2Mapper.serialize(Jackson2Mapper.groovy)
	at io.restassured.mapper.ObjectMapper$serialize.call(Unknown Source)
	at org.codehaus.groovy.runtime.callsite.CallSiteArray.defaultCall(CallSiteArray.java:47)
	at org.codehaus.groovy.runtime.callsite.AbstractCallSite.call(AbstractCallSite.java:125)
	at org.codehaus.groovy.runtime.callsite.AbstractCallSite.call(AbstractCallSite.java:139)
	at io.restassured.internal.mapping.ObjectMapping.serializeWithJackson2(ObjectMapping.groovy:209)
	at sun.reflect.NativeMethodAccessorImpl.invoke0(Native Method)
	at sun.reflect.NativeMethodAccessorImpl.invoke(NativeMethodAccessorImpl.java:62)
	at sun.reflect.DelegatingMethodAccessorImpl.invoke(DelegatingMethodAccessorImpl.java:43)
	at java.lang.reflect.Method.invoke(Method.java:498)
	at org.codehaus.groovy.reflection.CachedMethod.invoke(CachedMethod.java:107)
	at org.codehaus.groovy.runtime.callsite.StaticMetaMethodSite$StaticMetaMethodSiteNoUnwrapNoCoerce.invoke(StaticMetaMethodSite.java:149)
	at org.codehaus.groovy.runtime.callsite.StaticMetaMethodSite.callStatic(StaticMetaMethodSite.java:100)
	at org.codehaus.groovy.runtime.callsite.CallSiteArray.defaultCallStatic(CallSiteArray.java:55)
	at org.codehaus.groovy.runtime.callsite.AbstractCallSite.callStatic(AbstractCallSite.java:217)
	at org.codehaus.groovy.runtime.callsite.AbstractCallSite.callStatic(AbstractCallSite.java:240)
	at io.restassured.internal.mapping.ObjectMapping.serialize(ObjectMapping.groovy:150)
	at io.restassured.internal.mapping.ObjectMapping$serialize.call(Unknown Source)
	at org.codehaus.groovy.runtime.callsite.CallSiteArray.defaultCall(CallSiteArray.java:47)
	at org.codehaus.groovy.runtime.callsite.AbstractCallSite.call(AbstractCallSite.java:125)
	at io.restassured.internal.RequestSpecificationImpl.body(RequestSpecificationImpl.groovy:751)
	at EvoMaster_successes_Test.test_4(EvoMaster_successes_Test.java:196)
	at sun.reflect.NativeMethodAccessorImpl.invoke0(Native Method)
	at sun.reflect.NativeMethodAccessorImpl.invoke(NativeMethodAccessorImpl.java:62)
	at sun.reflect.DelegatingMethodAccessorImpl.invoke(DelegatingMethodAccessorImpl.java:43)
	at java.lang.reflect.Method.invoke(Method.java:498)
	at org.junit.runners.model.FrameworkMethod$1.runReflectiveCall(FrameworkMethod.java:59)
	at org.junit.internal.runners.model.ReflectiveCallable.run(ReflectiveCallable.java:12)
	at org.junit.runners.model.FrameworkMethod.invokeExplosively(FrameworkMethod.java:56)
	at org.junit.internal.runners.statements.InvokeMethod.evaluate(InvokeMethod.java:17)
	at org.junit.internal.runners.statements.FailOnTimeout$CallableStatement.call(FailOnTimeout.java:288)
	at org.junit.internal.runners.statements.FailOnTimeout$CallableStatement.call(FailOnTimeout.java:282)
	at java.util.concurrent.FutureTask.run(FutureTask.java:266)
	at java.lang.Thread.run(Thread.java:750)
Caused by: java.lang.ClassNotFoundException: com.fasterxml.jackson.databind.ser.std.ReferenceTypeSerializer
	at java.net.URLClassLoader.findClass(URLClassLoader.java:387)
	at java.lang.ClassLoader.loadClass(ClassLoader.java:418)
	at sun.misc.Launcher$AppClassLoader.loadClass(Launcher.java:352)
	at java.lang.ClassLoader.loadClass(ClassLoader.java:351)
	... 68 more
]]></error>
  </testcase>
  <testcase name="test_5" classname="EvoMaster_successes_Test" time="0.004">
    <error message="com/fasterxml/jackson/databind/ser/std/ReferenceTypeSerializer" type="java.lang.NoClassDefFoundError"><![CDATA[java.lang.NoClassDefFoundError: com/fasterxml/jackson/databind/ser/std/ReferenceTypeSerializer
	at java.lang.ClassLoader.defineClass1(Native Method)
	at java.lang.ClassLoader.defineClass(ClassLoader.java:756)
	at java.security.SecureClassLoader.defineClass(SecureClassLoader.java:142)
	at java.net.URLClassLoader.defineClass(URLClassLoader.java:473)
	at java.net.URLClassLoader.access$100(URLClassLoader.java:74)
	at java.net.URLClassLoader$1.run(URLClassLoader.java:369)
	at java.net.URLClassLoader$1.run(URLClassLoader.java:363)
	at java.security.AccessController.doPrivileged(Native Method)
	at java.net.URLClassLoader.findClass(URLClassLoader.java:362)
	at java.lang.ClassLoader.loadClass(ClassLoader.java:418)
	at sun.misc.Launcher$AppClassLoader.loadClass(Launcher.java:352)
	at java.lang.ClassLoader.loadClass(ClassLoader.java:351)
	at com.fasterxml.jackson.datatype.jdk8.Jdk8Module.setupModule(Jdk8Module.java:29)
	at com.fasterxml.jackson.databind.ObjectMapper.registerModule(ObjectMapper.java:653)
	at com.fasterxml.jackson.databind.ObjectMapper.registerModules(ObjectMapper.java:841)
	at com.fasterxml.jackson.databind.ObjectMapper.findAndRegisterModules(ObjectMapper.java:892)
	at io.restassured.path.json.mapper.factory.DefaultJackson2ObjectMapperFactory.create(DefaultJackson2ObjectMapperFactory.java:29)
	at io.restassured.path.json.mapper.factory.DefaultJackson2ObjectMapperFactory.create(DefaultJackson2ObjectMapperFactory.java:27)
	at io.restassured.common.mapper.factory.ObjectMapperFactory$create.call(Unknown Source)
	at io.restassured.internal.mapping.Jackson2Mapper.createJackson2ObjectMapper(Jackson2Mapper.groovy:44)
	at sun.reflect.NativeMethodAccessorImpl.invoke0(Native Method)
	at sun.reflect.NativeMethodAccessorImpl.invoke(NativeMethodAccessorImpl.java:62)
	at sun.reflect.DelegatingMethodAccessorImpl.invoke(DelegatingMethodAccessorImpl.java:43)
	at java.lang.reflect.Method.invoke(Method.java:498)
	at org.codehaus.groovy.runtime.callsite.PlainObjectMetaMethodSite.doInvoke(PlainObjectMetaMethodSite.java:43)
	at org.codehaus.groovy.runtime.callsite.PogoMetaMethodSite$PogoCachedMethodSiteNoUnwrapNoCoerce.invoke(PogoMetaMethodSite.java:193)
	at org.codehaus.groovy.runtime.callsite.PogoMetaMethodSite.callCurrent(PogoMetaMethodSite.java:61)
	at org.codehaus.groovy.runtime.callsite.AbstractCallSite.callCurrent(AbstractCallSite.java:194)
	at io.restassured.internal.mapping.Jackson2Mapper.serialize(Jackson2Mapper.groovy:50)
	at io.restassured.internal.mapping.Jackson2Mapper.serialize(Jackson2Mapper.groovy)
	at io.restassured.mapper.ObjectMapper$serialize.call(Unknown Source)
	at io.restassured.internal.mapping.ObjectMapping.serializeWithJackson2(ObjectMapping.groovy:209)
	at sun.reflect.NativeMethodAccessorImpl.invoke0(Native Method)
	at sun.reflect.NativeMethodAccessorImpl.invoke(NativeMethodAccessorImpl.java:62)
	at sun.reflect.DelegatingMethodAccessorImpl.invoke(DelegatingMethodAccessorImpl.java:43)
	at java.lang.reflect.Method.invoke(Method.java:498)
	at org.codehaus.groovy.reflection.CachedMethod.invoke(CachedMethod.java:107)
	at org.codehaus.groovy.runtime.callsite.StaticMetaMethodSite$StaticMetaMethodSiteNoUnwrapNoCoerce.invoke(StaticMetaMethodSite.java:149)
	at org.codehaus.groovy.runtime.callsite.StaticMetaMethodSite.callStatic(StaticMetaMethodSite.java:100)
	at org.codehaus.groovy.runtime.callsite.AbstractCallSite.callStatic(AbstractCallSite.java:240)
	at io.restassured.internal.mapping.ObjectMapping.serialize(ObjectMapping.groovy:150)
	at io.restassured.internal.mapping.ObjectMapping$serialize.call(Unknown Source)
	at io.restassured.internal.RequestSpecificationImpl.body(RequestSpecificationImpl.groovy:751)
	at EvoMaster_successes_Test.test_5(EvoMaster_successes_Test.java:223)
	at sun.reflect.NativeMethodAccessorImpl.invoke0(Native Method)
	at sun.reflect.NativeMethodAccessorImpl.invoke(NativeMethodAccessorImpl.java:62)
	at sun.reflect.DelegatingMethodAccessorImpl.invoke(DelegatingMethodAccessorImpl.java:43)
	at java.lang.reflect.Method.invoke(Method.java:498)
	at org.junit.runners.model.FrameworkMethod$1.runReflectiveCall(FrameworkMethod.java:59)
	at org.junit.internal.runners.model.ReflectiveCallable.run(ReflectiveCallable.java:12)
	at org.junit.runners.model.FrameworkMethod.invokeExplosively(FrameworkMethod.java:56)
	at org.junit.internal.runners.statements.InvokeMethod.evaluate(InvokeMethod.java:17)
	at org.junit.internal.runners.statements.FailOnTimeout$CallableStatement.call(FailOnTimeout.java:288)
	at org.junit.internal.runners.statements.FailOnTimeout$CallableStatement.call(FailOnTimeout.java:282)
	at java.util.concurrent.FutureTask.run(FutureTask.java:266)
	at java.lang.Thread.run(Thread.java:750)
Caused by: java.lang.ClassNotFoundException: com.fasterxml.jackson.databind.ser.std.ReferenceTypeSerializer
	at java.net.URLClassLoader.findClass(URLClassLoader.java:387)
	at java.lang.ClassLoader.loadClass(ClassLoader.java:418)
	at sun.misc.Launcher$AppClassLoader.loadClass(Launcher.java:352)
	at java.lang.ClassLoader.loadClass(ClassLoader.java:351)
	... 56 more
]]></error>
  </testcase>
</testsuite>